\BOOKMARK [1][-]{Doc-Start}{List of Abbreviations}{}% 1
\BOOKMARK [1][-]{Doc-Start}{Executive Summary}{}% 2
\BOOKMARK [1][-]{section.1}{Introduction}{}% 3
\BOOKMARK [1][-]{section.1}{Introduction}{}% 4
\BOOKMARK [1][-]{section.2}{Regulatory Framework for Restaurants in Delhi}{}% 5
\BOOKMARK [1][-]{section.2}{Regulatory Framework for Restaurants in Delhi}{}% 6
\BOOKMARK [2][-]{subsection.2.1}{Mandatory Licences: Enumerated Process and Procedural Ambiguities}{section.2}% 7
\BOOKMARK [2][-]{subsection.2.1}{Mandatory Licences: Enumerated Process and Procedural Ambiguities}{section.2}% 8
\BOOKMARK [3][-]{subsubsection.2.1.1}{Food Licence}{subsection.2.1}% 9
\BOOKMARK [3][-]{subsubsection.2.1.2}{Health Trade Licence}{subsection.2.1}% 10
\BOOKMARK [3][-]{subsubsection.2.1.3}{Fire Safety Certificate}{subsection.2.1}% 11
\BOOKMARK [3][-]{subsubsection.2.1.4}{Consent to Establish/Consent to Operate}{subsection.2.1}% 12
\BOOKMARK [3][-]{subsubsection.2.1.5}{Shops and Establishment Certificate}{subsection.2.1}% 13
\BOOKMARK [3][-]{subsubsection.2.1.6}{Eating House Licence}{subsection.2.1}% 14
\BOOKMARK [3][-]{subsubsection.2.1.7}{Goods and Services Tax Registration}{subsection.2.1}% 15
\BOOKMARK [3][-]{subsubsection.2.1.8}{Signage Licence}{subsection.2.1}% 16
\BOOKMARK [2][-]{subsection.2.2}{Service-specific Licences: Difficulties in Providing Value Addition}{section.2}% 17
\BOOKMARK [2][-]{subsection.2.2}{Service-specific Licences: Difficulties in Providing Value Addition}{section.2}% 18
\BOOKMARK [3][-]{subsubsection.2.2.1}{Approval from the Department of Tourism}{subsection.2.2}% 19
\BOOKMARK [3][-]{subsubsection.2.2.2}{Excise Licence}{subsection.2.2}% 20
\BOOKMARK [3][-]{subsubsection.2.2.3}{Weights and Measures Licence}{subsection.2.2}% 21
\BOOKMARK [3][-]{subsubsection.2.2.4}{Lift Clearance}{subsection.2.2}% 22
\BOOKMARK [3][-]{subsubsection.2.2.5}{Phonographic Performance Licence}{subsection.2.2}% 23
\BOOKMARK [2][-]{subsection.2.3}{Overall Ease of the Licensing Procedure and Costs Involved}{section.2}% 24
\BOOKMARK [1][-]{section.3}{Enforcement of the Regulatory Framework}{}% 25
\BOOKMARK [1][-]{section.3}{Enforcement of the Regulatory Framework}{}% 26
\BOOKMARK [2][-]{subsection.3.1}{Restaurateur\220s Perception of the Inspections Regime}{section.3}% 27
\BOOKMARK [2][-]{subsection.3.1}{Restaurateur\220s Perception of the Inspections Regime}{section.3}% 28
\BOOKMARK [3][-]{subsubsection.3.1.1}{What Are You Expected To Do When Faults Are Found?}{subsection.3.1}% 29
\BOOKMARK [3][-]{subsubsection.3.1.1}{What Are You Expected To Do When Faults Are Found?}{subsection.3.1}% 30
\BOOKMARK [3][-]{subsubsection.3.1.2}{What Do You Think Is the Intent of the Inspectors?}{subsection.3.1}% 31
\BOOKMARK [3][-]{subsubsection.3.1.2}{What Do You Think Is the Intent of the Inspectors?}{subsection.3.1}% 32
\BOOKMARK [3][-]{subsubsection.3.1.3}{What Is Your Opinion of the Inspectors?}{subsection.3.1}% 33
\BOOKMARK [3][-]{subsubsection.3.1.3}{What Is Your Opinion of the Inspectors?}{subsection.3.1}% 34
\BOOKMARK [1][-]{section.4}{Oft-Repeated Regulatory Pain Points}{}% 35
\BOOKMARK [1][-]{section.4}{Oft-Repeated Regulatory Pain Points}{}% 36
\BOOKMARK [2][-]{subsection.4.1}{Efficiency of Web Portals}{section.4}% 37
\BOOKMARK [2][-]{subsection.4.1}{Efficiency of Web Portals}{section.4}% 38
\BOOKMARK [2][-]{subsection.4.2}{Pressure to Pay Bribes}{section.4}% 39
\BOOKMARK [2][-]{subsection.4.2}{Pressure to Pay Bribes}{section.4}% 40
\BOOKMARK [2][-]{subsection.4.3}{Lack of Procedural Clarity}{section.4}% 41
\BOOKMARK [2][-]{subsection.4.3}{Lack of Procedural Clarity}{section.4}% 42
\BOOKMARK [1][-]{subsection.4.3}{Conclusion}{}% 43
\BOOKMARK [1][-]{figure.caption.2}{Appendix 1: Documents Required for Licences}{}% 44
\BOOKMARK [1][-]{figure.caption.2}{Appendix 2: Methodology}{}% 45
\BOOKMARK [1][-]{Item.15}{Appendix 3: Questionnaire for Restaurateurs}{}% 46
\BOOKMARK [2][-]{subsubsection.4.3.1}{Section 1: Restaurant Information}{Item.15}% 47
\BOOKMARK [3][-]{subsubsection.4.3.2}{Section 3: Application and Renewal of Licenses}{subsubsection.4.3.1}% 48
\BOOKMARK [3][-]{subsubsection.4.3.3}{Section 4: Inspections process}{subsubsection.4.3.1}% 49
